<?xml version="1.0" encoding="UTF-8" ?>
<testsuite tests="1" failures="0" name="org.abcd.examples.ArrayInit.ArrayInitTest" time="0.008" errors="0" skipped="0">
  <properties>
    <property name="java.runtime.name" value="Java(TM) SE Runtime Environment"/>
    <property name="java.vm.version" value="9.0.4+11"/>
    <property name="sun.boot.library.path" value="D:\Nastya\Programs\JDK\bin"/>
    <property name="maven.multiModuleProjectDirectory" value="D:/Nastya/Java/MatVecCompiler/array-example"/>
    <property name="java.vm.vendor" value="Oracle Corporation"/>
    <property name="java.vendor.url" value="http://java.oracle.com/"/>
    <property name="guice.disable.misplaced.annotation.check" value="true"/>
    <property name="path.separator" value=";"/>
    <property name="java.vm.name" value="Java HotSpot(TM) 64-Bit Server VM"/>
    <property name="file.encoding.pkg" value="sun.io"/>
    <property name="sun.os.patch.level" value="Service Pack 1"/>
    <property name="user.script" value=""/>
    <property name="user.country" value="RU"/>
    <property name="sun.java.launcher" value="SUN_STANDARD"/>
    <property name="java.vm.specification.name" value="Java Virtual Machine Specification"/>
    <property name="user.dir" value="D:\Nastya\Java\MatVecCompiler\array-example"/>
    <property name="java.vm.compressedOopsMode" value="32-bit"/>
    <property name="java.runtime.version" value="9.0.4+11"/>
    <property name="java.awt.graphicsenv" value="sun.awt.Win32GraphicsEnvironment"/>
    <property name="os.arch" value="amd64"/>
    <property name="java.io.tmpdir" value="C:\Users\Nastya\AppData\Local\Temp\"/>
    <property name="line.separator" value="
"/>
    <property name="java.vm.specification.vendor" value="Oracle Corporation"/>
    <property name="user.variant" value=""/>
    <property name="os.name" value="Windows 7"/>
    <property name="classworlds.conf" value="D:/Nastya/Programs/Maven/apache-maven-3.5.3/bin/m2.conf"/>
    <property name="sun.jnu.encoding" value="Cp1251"/>
    <property name="java.library.path" value="D:\Nastya\Programs\JDK\bin;C:\Windows\Sun\Java\bin;C:\Windows\system32;C:\Windows;C:\Users\Nastya\bin;D:\Nastya\Programs\Git\mingw64\bin;D:\Nastya\Programs\Git\usr\local\bin;D:\Nastya\Programs\Git\usr\bin;D:\Nastya\Programs\Git\usr\bin;D:\Nastya\Programs\Git\mingw64\bin;D:\Nastya\Programs\Git\usr\bin;C:\Users\Nastya\bin;C:\Program Files\ImageMagick-7.0.7-Q16;C:\ProgramData\Oracle\Java\javapath;C:\Program Files (x86)\NVIDIA Corporation\PhysX\Common;D:\Nastya\Приложения\Borland C++ Builder Enterprise v6.0\Bin;D:\Nastya\Приложения\Borland C++ Builder Enterprise v6.0\Projects\Bpl;C:\Windows\system32;C:\Windows;C:\Windows\System32\Wbem;C:\Windows\System32\WindowsPowerShell\v1.0;C:\Program Files (x86)\AMD\ATI.ACE\Core-Static;C:\Program Files\Microsoft\Web Platform Installer;C:\Program Files (x86)\Microsoft ASP.NET\ASP.NET Web Pages\v1.0;C:\Program Files\Microsoft SQL Server\110\Tools\Binn;C:\Program Files (x86)\Windows Kits\8.1\Windows Performance Toolkit;C:\Program Files (x86)\Microsoft SDKs\TypeScript\1.0;C:\Program Files\Microsoft SQL Server\120\Tools\Binn;C:\Program Files\doxygen\bin;C:\Users\Nastya\.dnx\bin;C:\Program Files\Microsoft DNX\Dnvm;C:\Program Files\Microsoft SQL Server\130\Tools\Binn;C:\Program Files\MySQL\MySQL Utilities 1.6;C:\Program Files (x86)\Microsoft Visual Studio 12.0\VC\bin\amd64;D:\Nastya\Programs\Qt\5.5\msvc2013_64\bin;D:\Nastya\Programs\Node js;D:\Nastya\Programs\Axis2\axis2-1.7.7\bin;C:\Users\Nastya\AppData\Roaming\npm;D:\Nastya\Programs\Microsoft VS Code\bin;D:\Nastya\Programs\Maven\apache-maven-3.5.3\bin;D:\Nastya\Programs\Git\usr\bin\vendor_perl;D:\Nastya\Programs\Git\usr\bin\core_perl;."/>
    <property name="maven.conf" value="D:/Nastya/Programs/Maven/apache-maven-3.5.3/conf"/>
    <property name="jdk.debug" value="release"/>
    <property name="java.class.version" value="53.0"/>
    <property name="java.specification.name" value="Java Platform API Specification"/>
    <property name="sun.management.compiler" value="HotSpot 64-Bit Tiered Compilers"/>
    <property name="os.version" value="6.1"/>
    <property name="library.jansi.path" value="D:/Nastya/Programs/Maven/apache-maven-3.5.3/lib/jansi-native"/>
    <property name="user.home" value="C:\Users\Nastya"/>
    <property name="user.timezone" value="Europe/Minsk"/>
    <property name="java.awt.printerjob" value="sun.awt.windows.WPrinterJob"/>
    <property name="file.encoding" value="Cp1251"/>
    <property name="java.specification.version" value="9"/>
    <property name="user.name" value="Nastya"/>
    <property name="java.class.path" value="D:/Nastya/Programs/Maven/apache-maven-3.5.3/boot/plexus-classworlds-2.5.2.jar"/>
    <property name="java.vm.specification.version" value="9"/>
    <property name="sun.arch.data.model" value="64"/>
    <property name="sun.java.command" value="org.codehaus.plexus.classworlds.launcher.Launcher package"/>
    <property name="java.home" value="D:\Nastya\Programs\JDK"/>
    <property name="user.language" value="ru"/>
    <property name="java.specification.vendor" value="Oracle Corporation"/>
    <property name="awt.toolkit" value="sun.awt.windows.WToolkit"/>
    <property name="java.vm.info" value="mixed mode"/>
    <property name="java.version" value="9.0.4"/>
    <property name="java.vendor" value="Oracle Corporation"/>
    <property name="maven.home" value="D:\Nastya\Programs\Maven\apache-maven-3.5.3"/>
    <property name="file.separator" value="\"/>
    <property name="java.vendor.url.bug" value="http://bugreport.java.com/bugreport/"/>
    <property name="sun.io.unicode.encoding" value="UnicodeLittle"/>
    <property name="sun.cpu.endian" value="little"/>
    <property name="sun.desktop" value="windows"/>
    <property name="sun.cpu.isalist" value="amd64"/>
  </properties>
  <testcase classname="org.abcd.examples.ArrayInit.ArrayInitTest" name="shouldAnswerWithTrue" time="0.008"/>
</testsuite>